Using pre-set license
Built from '2020.3/staging' branch; Version is '2020.3.20f1 (41c4e627c95f) revision 4310246'; Using compiler version '192528614'; Build Type 'Release'
OS: 'Windows 10 Pro; OS build 19045.2965; Version 2009; 64bit' Language: 'en' Physical Memory: 16222 MB
BatchMode: 1, IsHumanControllingUs: 0, StartBugReporterOnCrash: 0, Is64bit: 1, IsPro: 0

COMMAND LINE ARGUMENTS:
C:\Program Files\Unity\Hub\Editor\2020.3.20f1\Editor\Unity.exe
-adb2
-batchMode
-noUpm
-name
AssetImportWorker0
-projectPath
C:/Users/Onur Can Cansu/Desktop/CET372FINALPROJECT_ONURCANCANSU
-logFile
Logs/AssetImportWorker0.log
-srvPort
57851
Successfully changed project path to: C:/Users/Onur Can Cansu/Desktop/CET372FINALPROJECT_ONURCANCANSU
C:/Users/Onur Can Cansu/Desktop/CET372FINALPROJECT_ONURCANCANSU
Using Asset Import Pipeline V2.
Refreshing native plugins compatible for Editor in 62.70 ms, found 2 plugins.
Preloading 0 native plugins for Editor in 0.00 ms.
Initialize engine version: 2020.3.20f1 (41c4e627c95f)
[Subsystems] Discovering subsystems at path C:/Program Files/Unity/Hub/Editor/2020.3.20f1/Editor/Data/Resources/UnitySubsystems
[Subsystems] Discovering subsystems at path C:/Users/Onur Can Cansu/Desktop/CET372FINALPROJECT_ONURCANCANSU/Assets
GfxDevice: creating device client; threaded=0
Direct3D:
    Version:  Direct3D 11.0 [level 11.1]
    Renderer: NVIDIA GeForce GTX 1650 Ti (ID=0x1f95)
    Vendor:   
    VRAM:     3962 MB
    Driver:   27.21.14.6231
Initialize mono
Mono path[0] = 'C:/Program Files/Unity/Hub/Editor/2020.3.20f1/Editor/Data/Managed'
Mono path[1] = 'C:/Program Files/Unity/Hub/Editor/2020.3.20f1/Editor/Data/MonoBleedingEdge/lib/mono/unityjit'
Mono config path = 'C:/Program Files/Unity/Hub/Editor/2020.3.20f1/Editor/Data/MonoBleedingEdge/etc'
Using monoOptions --debugger-agent=transport=dt_socket,embedding=1,server=y,suspend=n,address=127.0.0.1:56756
Begin MonoManager ReloadAssembly
Registering precompiled unity dll's ...
Register platform support module: C:/Program Files/Unity/Hub/Editor/2020.3.20f1/Editor/Data/PlaybackEngines/WebGLSupport/UnityEditor.WebGL.Extensions.dll
Register platform support module: C:/Program Files/Unity/Hub/Editor/2020.3.20f1/Editor/Data/PlaybackEngines/WindowsStandaloneSupport/UnityEditor.WindowsStandalone.Extensions.dll
Registered in 0.004476 seconds.
Native extension for WindowsStandalone target not found
Native extension for WebGL target not found
Refreshing native plugins compatible for Editor in 60.98 ms, found 2 plugins.
Preloading 0 native plugins for Editor in 0.00 ms.
Mono: successfully reloaded assembly
- Completed reload, in  3.836 seconds
Domain Reload Profiling:
	ReloadAssembly (3836ms)
		BeginReloadAssembly (92ms)
			ExecutionOrderSort (0ms)
			DisableScriptedObjects (0ms)
			BackupInstance (0ms)
			ReleaseScriptingObjects (0ms)
			CreateAndSetChildDomain (1ms)
		EndReloadAssembly (753ms)
			LoadAssemblies (89ms)
			RebuildTransferFunctionScriptingTraits (0ms)
			SetupTypeCache (282ms)
			ReleaseScriptCaches (0ms)
			RebuildScriptCaches (55ms)
			SetupLoadedEditorAssemblies (288ms)
				LogAssemblyErrors (0ms)
				InitializePlatformSupportModulesInManaged (8ms)
				SetLoadedEditorAssemblies (0ms)
				RefreshPlugins (61ms)
				BeforeProcessingInitializeOnLoad (25ms)
				ProcessInitializeOnLoadAttributes (144ms)
				ProcessInitializeOnLoadMethodAttributes (49ms)
				AfterProcessingInitializeOnLoad (0ms)
				EditorAssembliesLoaded (0ms)
			ExecutionOrderSort2 (0ms)
			AwakeInstancesAfterBackupRestoration (0ms)
Platform modules already initialized, skipping
Registering precompiled user dll's ...
Registered in 0.005539 seconds.
Begin MonoManager ReloadAssembly
Native extension for WindowsStandalone target not found
Native extension for WebGL target not found
Refreshing native plugins compatible for Editor in 0.59 ms, found 2 plugins.
Preloading 0 native plugins for Editor in 0.00 ms.
Mono: successfully reloaded assembly
- Completed reload, in  1.754 seconds
Domain Reload Profiling:
	ReloadAssembly (1755ms)
		BeginReloadAssembly (250ms)
			ExecutionOrderSort (0ms)
			DisableScriptedObjects (9ms)
			BackupInstance (0ms)
			ReleaseScriptingObjects (0ms)
			CreateAndSetChildDomain (28ms)
		EndReloadAssembly (1396ms)
			LoadAssemblies (149ms)
			RebuildTransferFunctionScriptingTraits (0ms)
			SetupTypeCache (465ms)
			ReleaseScriptCaches (1ms)
			RebuildScriptCaches (75ms)
			SetupLoadedEditorAssemblies (540ms)
				LogAssemblyErrors (0ms)
				InitializePlatformSupportModulesInManaged (10ms)
				SetLoadedEditorAssemblies (1ms)
				RefreshPlugins (1ms)
				BeforeProcessingInitializeOnLoad (146ms)
				ProcessInitializeOnLoadAttributes (365ms)
				ProcessInitializeOnLoadMethodAttributes (7ms)
				AfterProcessingInitializeOnLoad (10ms)
				EditorAssembliesLoaded (0ms)
			ExecutionOrderSort2 (0ms)
			AwakeInstancesAfterBackupRestoration (11ms)
Platform modules already initialized, skipping
========================================================================
Worker process is ready to serve import requests
Launched and connected shader compiler UnityShaderCompiler.exe after 0.06 seconds
Refreshing native plugins compatible for Editor in 0.55 ms, found 2 plugins.
Preloading 0 native plugins for Editor in 0.00 ms.
Unloading 1521 Unused Serialized files (Serialized files now loaded: 0)
System memory in use before: 71.9 MB.
System memory in use after: 71.9 MB.

Unloading 17 unused Assets to reduce memory usage. Loaded Objects now: 1958.
Total: 4.881200 ms (FindLiveObjects: 0.248800 ms CreateObjectMapping: 0.091100 ms MarkObjects: 4.443700 ms  DeleteObjects: 0.095900 ms)

AssetImportParameters requested are different than current active one (requested -> active):
  custom:framework-win-MediaFoundation: 216162199b28c13a410421893ffa2e32 -> 
  custom:video-decoder-ogg-theora: a1e56fd34408186e4bbccfd4996cb3dc -> 
  custom:container-muxer-webm: aa71ff27fc2769a1b78a27578f13a17b -> 
  custom:container-demuxer-webm: 4f35f7cbe854078d1ac9338744f61a02 -> 
  custom:container-demuxer-ogg: 62fdf1f143b41e24485cea50d1cbac27 -> 
  custom:video-encoder-webm-vp8: eb34c28f22e8b96e1ab97ce403110664 -> 
  custom:video-decoder-webm-vp8: 9c59270c3fd7afecdb556c50c9e8de78 -> 
  custom:audio-decoder-ogg-vorbis: bf7c407c2cedff20999df2af8eb42d56 -> 
  custom:audio-encoder-webm-vorbis: bf7c407c2cedff20999df2af8eb42d56 -> 
========================================================================
Received Import Request.
  path: Assets/Scenes/5.activity/Sixth2.unity
  artifactKey: Guid(4e39fa9cfcceb2840a161fffeb38b72a) Importer(815301076,1909f56bfc062723c751e8b465ee728b)
Start importing Assets/Scenes/5.activity/Sixth2.unity using Guid(4e39fa9cfcceb2840a161fffeb38b72a) Importer(815301076,1909f56bfc062723c751e8b465ee728b)  -> (artifact id: 'e1ed831c19db71d3e273dbb34b326dbc') in 0.028486 seconds 
  Import took 0.032423 seconds .

========================================================================
Received Prepare
Refreshing native plugins compatible for Editor in 4.68 ms, found 2 plugins.
Preloading 0 native plugins for Editor in 0.00 ms.
Unloading 10 Unused Serialized files (Serialized files now loaded: 0)
System memory in use before: 40.7 MB.
System memory in use after: 40.8 MB.

Unloading 10 unused Assets to reduce memory usage. Loaded Objects now: 1958.
Total: 5.525300 ms (FindLiveObjects: 0.247400 ms CreateObjectMapping: 0.100800 ms MarkObjects: 5.145500 ms  DeleteObjects: 0.029600 ms)

AssetImportParameters requested are different than current active one (requested -> active):
  custom:framework-win-MediaFoundation: 216162199b28c13a410421893ffa2e32 -> 
  custom:video-decoder-ogg-theora: a1e56fd34408186e4bbccfd4996cb3dc -> 
  custom:container-muxer-webm: aa71ff27fc2769a1b78a27578f13a17b -> 
  custom:container-demuxer-webm: 4f35f7cbe854078d1ac9338744f61a02 -> 
  custom:container-demuxer-ogg: 62fdf1f143b41e24485cea50d1cbac27 -> 
  custom:video-encoder-webm-vp8: eb34c28f22e8b96e1ab97ce403110664 -> 
  custom:video-decoder-webm-vp8: 9c59270c3fd7afecdb556c50c9e8de78 -> 
  custom:audio-decoder-ogg-vorbis: bf7c407c2cedff20999df2af8eb42d56 -> 
  custom:audio-encoder-webm-vorbis: bf7c407c2cedff20999df2af8eb42d56 -> 
========================================================================
Received Prepare
Registering precompiled user dll's ...
Registered in 0.005103 seconds.
Begin MonoManager ReloadAssembly
Native extension for WindowsStandalone target not found
Native extension for WebGL target not found
Refreshing native plugins compatible for Editor in 0.54 ms, found 2 plugins.
Preloading 0 native plugins for Editor in 0.00 ms.
Mono: successfully reloaded assembly
- Completed reload, in  1.664 seconds
Domain Reload Profiling:
	ReloadAssembly (1664ms)
		BeginReloadAssembly (166ms)
			ExecutionOrderSort (0ms)
			DisableScriptedObjects (8ms)
			BackupInstance (0ms)
			ReleaseScriptingObjects (0ms)
			CreateAndSetChildDomain (49ms)
		EndReloadAssembly (1381ms)
			LoadAssemblies (145ms)
			RebuildTransferFunctionScriptingTraits (0ms)
			SetupTypeCache (481ms)
			ReleaseScriptCaches (1ms)
			RebuildScriptCaches (66ms)
			SetupLoadedEditorAssemblies (507ms)
				LogAssemblyErrors (0ms)
				InitializePlatformSupportModulesInManaged (10ms)
				SetLoadedEditorAssemblies (1ms)
				RefreshPlugins (1ms)
				BeforeProcessingInitializeOnLoad (133ms)
				ProcessInitializeOnLoadAttributes (342ms)
				ProcessInitializeOnLoadMethodAttributes (7ms)
				AfterProcessingInitializeOnLoad (13ms)
				EditorAssembliesLoaded (0ms)
			ExecutionOrderSort2 (0ms)
			AwakeInstancesAfterBackupRestoration (12ms)
Platform modules already initialized, skipping
Refreshing native plugins compatible for Editor in 0.59 ms, found 2 plugins.
Preloading 0 native plugins for Editor in 0.00 ms.
Unloading 1502 Unused Serialized files (Serialized files now loaded: 0)
System memory in use before: 70.3 MB.
System memory in use after: 70.5 MB.

Unloading 12 unused Assets to reduce memory usage. Loaded Objects now: 1960.
Total: 4.908700 ms (FindLiveObjects: 0.262400 ms CreateObjectMapping: 0.095300 ms MarkObjects: 4.511900 ms  DeleteObjects: 0.037200 ms)

AssetImportParameters requested are different than current active one (requested -> active):
  custom:framework-win-MediaFoundation: 216162199b28c13a410421893ffa2e32 -> 
  custom:video-decoder-ogg-theora: a1e56fd34408186e4bbccfd4996cb3dc -> 
  custom:container-muxer-webm: aa71ff27fc2769a1b78a27578f13a17b -> 
  custom:container-demuxer-webm: 4f35f7cbe854078d1ac9338744f61a02 -> 
  custom:container-demuxer-ogg: 62fdf1f143b41e24485cea50d1cbac27 -> 
  custom:video-encoder-webm-vp8: eb34c28f22e8b96e1ab97ce403110664 -> 
  custom:video-decoder-webm-vp8: 9c59270c3fd7afecdb556c50c9e8de78 -> 
  custom:audio-decoder-ogg-vorbis: bf7c407c2cedff20999df2af8eb42d56 -> 
  custom:audio-encoder-webm-vorbis: bf7c407c2cedff20999df2af8eb42d56 -> 
========================================================================
Received Prepare
Refreshing native plugins compatible for Editor in 5.96 ms, found 2 plugins.
Preloading 0 native plugins for Editor in 0.00 ms.
Unloading 10 Unused Serialized files (Serialized files now loaded: 0)
System memory in use before: 40.8 MB.
System memory in use after: 40.9 MB.

Unloading 10 unused Assets to reduce memory usage. Loaded Objects now: 1960.
Total: 5.009600 ms (FindLiveObjects: 0.245200 ms CreateObjectMapping: 0.086600 ms MarkObjects: 4.643500 ms  DeleteObjects: 0.032000 ms)

AssetImportParameters requested are different than current active one (requested -> active):
  custom:framework-win-MediaFoundation: 216162199b28c13a410421893ffa2e32 -> 
  custom:video-decoder-ogg-theora: a1e56fd34408186e4bbccfd4996cb3dc -> 
  custom:container-muxer-webm: aa71ff27fc2769a1b78a27578f13a17b -> 
  custom:container-demuxer-webm: 4f35f7cbe854078d1ac9338744f61a02 -> 
  custom:container-demuxer-ogg: 62fdf1f143b41e24485cea50d1cbac27 -> 
  custom:video-encoder-webm-vp8: eb34c28f22e8b96e1ab97ce403110664 -> 
  custom:video-decoder-webm-vp8: 9c59270c3fd7afecdb556c50c9e8de78 -> 
  custom:audio-decoder-ogg-vorbis: bf7c407c2cedff20999df2af8eb42d56 -> 
  custom:audio-encoder-webm-vorbis: bf7c407c2cedff20999df2af8eb42d56 -> 
========================================================================
Received Prepare
Refreshing native plugins compatible for Editor in 4.48 ms, found 2 plugins.
Preloading 0 native plugins for Editor in 0.00 ms.
Unloading 10 Unused Serialized files (Serialized files now loaded: 0)
System memory in use before: 40.8 MB.
System memory in use after: 40.9 MB.

Unloading 10 unused Assets to reduce memory usage. Loaded Objects now: 1960.
Total: 4.215000 ms (FindLiveObjects: 0.226300 ms CreateObjectMapping: 0.086700 ms MarkObjects: 3.883300 ms  DeleteObjects: 0.017400 ms)

AssetImportParameters requested are different than current active one (requested -> active):
  custom:framework-win-MediaFoundation: 216162199b28c13a410421893ffa2e32 -> 
  custom:video-decoder-ogg-theora: a1e56fd34408186e4bbccfd4996cb3dc -> 
  custom:container-muxer-webm: aa71ff27fc2769a1b78a27578f13a17b -> 
  custom:container-demuxer-webm: 4f35f7cbe854078d1ac9338744f61a02 -> 
  custom:container-demuxer-ogg: 62fdf1f143b41e24485cea50d1cbac27 -> 
  custom:video-encoder-webm-vp8: eb34c28f22e8b96e1ab97ce403110664 -> 
  custom:video-decoder-webm-vp8: 9c59270c3fd7afecdb556c50c9e8de78 -> 
  custom:audio-decoder-ogg-vorbis: bf7c407c2cedff20999df2af8eb42d56 -> 
  custom:audio-encoder-webm-vorbis: bf7c407c2cedff20999df2af8eb42d56 -> 
========================================================================
Received Prepare
Refreshing native plugins compatible for Editor in 4.39 ms, found 2 plugins.
Preloading 0 native plugins for Editor in 0.00 ms.
Unloading 10 Unused Serialized files (Serialized files now loaded: 0)
System memory in use before: 40.8 MB.
System memory in use after: 40.9 MB.

Unloading 10 unused Assets to reduce memory usage. Loaded Objects now: 1960.
Total: 4.917100 ms (FindLiveObjects: 0.210900 ms CreateObjectMapping: 0.079300 ms MarkObjects: 4.606900 ms  DeleteObjects: 0.018600 ms)

AssetImportParameters requested are different than current active one (requested -> active):
  custom:framework-win-MediaFoundation: 216162199b28c13a410421893ffa2e32 -> 
  custom:video-decoder-ogg-theora: a1e56fd34408186e4bbccfd4996cb3dc -> 
  custom:container-muxer-webm: aa71ff27fc2769a1b78a27578f13a17b -> 
  custom:container-demuxer-webm: 4f35f7cbe854078d1ac9338744f61a02 -> 
  custom:container-demuxer-ogg: 62fdf1f143b41e24485cea50d1cbac27 -> 
  custom:video-encoder-webm-vp8: eb34c28f22e8b96e1ab97ce403110664 -> 
  custom:video-decoder-webm-vp8: 9c59270c3fd7afecdb556c50c9e8de78 -> 
  custom:audio-decoder-ogg-vorbis: bf7c407c2cedff20999df2af8eb42d56 -> 
  custom:audio-encoder-webm-vorbis: bf7c407c2cedff20999df2af8eb42d56 -> 
========================================================================
Received Prepare
Refreshing native plugins compatible for Editor in 4.44 ms, found 2 plugins.
Preloading 0 native plugins for Editor in 0.00 ms.
Unloading 10 Unused Serialized files (Serialized files now loaded: 0)
System memory in use before: 40.8 MB.
System memory in use after: 40.9 MB.

Unloading 10 unused Assets to reduce memory usage. Loaded Objects now: 1960.
Total: 5.113000 ms (FindLiveObjects: 0.229500 ms CreateObjectMapping: 0.093900 ms MarkObjects: 4.763300 ms  DeleteObjects: 0.024400 ms)

AssetImportParameters requested are different than current active one (requested -> active):
  custom:framework-win-MediaFoundation: 216162199b28c13a410421893ffa2e32 -> 
  custom:video-decoder-ogg-theora: a1e56fd34408186e4bbccfd4996cb3dc -> 
  custom:container-muxer-webm: aa71ff27fc2769a1b78a27578f13a17b -> 
  custom:container-demuxer-webm: 4f35f7cbe854078d1ac9338744f61a02 -> 
  custom:container-demuxer-ogg: 62fdf1f143b41e24485cea50d1cbac27 -> 
  custom:video-encoder-webm-vp8: eb34c28f22e8b96e1ab97ce403110664 -> 
  custom:video-decoder-webm-vp8: 9c59270c3fd7afecdb556c50c9e8de78 -> 
  custom:audio-decoder-ogg-vorbis: bf7c407c2cedff20999df2af8eb42d56 -> 
  custom:audio-encoder-webm-vorbis: bf7c407c2cedff20999df2af8eb42d56 -> 
========================================================================
Received Import Request.
  Time since last request: 636.085895 seconds.
  path: Assets/Scenes/2.activity/videoplayback (2).mp4
  artifactKey: Guid(4c17e7dcddc63a94c8a71bacf2dc0a6b) Importer(815301076,1909f56bfc062723c751e8b465ee728b)
Start importing Assets/Scenes/2.activity/videoplayback (2).mp4 using Guid(4c17e7dcddc63a94c8a71bacf2dc0a6b) Importer(815301076,1909f56bfc062723c751e8b465ee728b)  -> (artifact id: '72e17939d438ef9d2403a92e9bb77f25') in 0.151085 seconds 
  Import took 0.156060 seconds .

========================================================================
Received Import Request.
  Time since last request: 26.902842 seconds.
  path: Assets/Scenes/3.activity/InkedInkedvideoplayback (3)_Trim_Trim.mp4
  artifactKey: Guid(b7e8ee975ac7a5f42b7ff22c50ee944e) Importer(815301076,1909f56bfc062723c751e8b465ee728b)
Start importing Assets/Scenes/3.activity/InkedInkedvideoplayback (3)_Trim_Trim.mp4 using Guid(b7e8ee975ac7a5f42b7ff22c50ee944e) Importer(815301076,1909f56bfc062723c751e8b465ee728b)  -> (artifact id: 'c8078bbf2af435d5789bc8a576cc0903') in 0.022131 seconds 
  Import took 0.026488 seconds .

========================================================================
Received Import Request.
  Time since last request: 3.223865 seconds.
  path: Assets/Scenes/3.activity/Fourth1.unity
  artifactKey: Guid(0a9d30e0a9cef83408e63cd757bf14e5) Importer(815301076,1909f56bfc062723c751e8b465ee728b)
Start importing Assets/Scenes/3.activity/Fourth1.unity using Guid(0a9d30e0a9cef83408e63cd757bf14e5) Importer(815301076,1909f56bfc062723c751e8b465ee728b)  -> (artifact id: 'd194ac8c90339a046b6ef2b145a76fcf') in 0.012746 seconds 
  Import took 0.017118 seconds .

========================================================================
Received Import Request.
  Time since last request: 20.901549 seconds.
  path: Assets/Scenes/4.activity/Inkedvideoplayback (4)_Trim.mp4
  artifactKey: Guid(3568f58d4abb0594598f4fccd9522837) Importer(815301076,1909f56bfc062723c751e8b465ee728b)
Start importing Assets/Scenes/4.activity/Inkedvideoplayback (4)_Trim.mp4 using Guid(3568f58d4abb0594598f4fccd9522837) Importer(815301076,1909f56bfc062723c751e8b465ee728b)  -> (artifact id: 'f43c0565f8044a551c1158521e726290') in 0.016525 seconds 
  Import took 0.022256 seconds .

========================================================================
Received Import Request.
  Time since last request: 32.406778 seconds.
  path: Assets/Scenes/5.activity/Sixth2.unity
  artifactKey: Guid(4e39fa9cfcceb2840a161fffeb38b72a) Importer(815301076,1909f56bfc062723c751e8b465ee728b)
Start importing Assets/Scenes/5.activity/Sixth2.unity using Guid(4e39fa9cfcceb2840a161fffeb38b72a) Importer(815301076,1909f56bfc062723c751e8b465ee728b)  -> (artifact id: '710e67c3d1c3450a3153fa4250d8bd7e') in 0.012474 seconds 
  Import took 0.016407 seconds .

========================================================================
Received Import Request.
  Time since last request: 9.424332 seconds.
  path: Assets/Scenes/6.activity/Inkedvideoplayback (5)_Trim.mp4
  artifactKey: Guid(ac54799965daddc40aaef7bbc31a9be9) Importer(815301076,1909f56bfc062723c751e8b465ee728b)
Start importing Assets/Scenes/6.activity/Inkedvideoplayback (5)_Trim.mp4 using Guid(ac54799965daddc40aaef7bbc31a9be9) Importer(815301076,1909f56bfc062723c751e8b465ee728b)  -> (artifact id: '0579ebdd8ef821f710a673c19158e551') in 0.022548 seconds 
  Import took 0.026512 seconds .

========================================================================
Received Import Request.
  Time since last request: 25.707335 seconds.
  path: Assets/Scenes/7.activity/Inkedvideoplayback (6)_Trim.mp4
  artifactKey: Guid(9d1aef11f806b614d9d8b22e9418e0c0) Importer(815301076,1909f56bfc062723c751e8b465ee728b)
Start importing Assets/Scenes/7.activity/Inkedvideoplayback (6)_Trim.mp4 using Guid(9d1aef11f806b614d9d8b22e9418e0c0) Importer(815301076,1909f56bfc062723c751e8b465ee728b)  -> (artifact id: 'f2d24e5f264de4b585623e48176e2531') in 0.012914 seconds 
  Import took 0.017651 seconds .

========================================================================
Received Import Request.
  Time since last request: 2.144656 seconds.
  path: Assets/Scenes/7.activity/Seven3.unity
  artifactKey: Guid(7ffce9a7cc993da45b6ebac9d7cc7a6d) Importer(815301076,1909f56bfc062723c751e8b465ee728b)
Start importing Assets/Scenes/7.activity/Seven3.unity using Guid(7ffce9a7cc993da45b6ebac9d7cc7a6d) Importer(815301076,1909f56bfc062723c751e8b465ee728b)  -> (artifact id: 'a92d392f76c89bc8f8b907c3082b984f') in 0.004880 seconds 
  Import took 0.009019 seconds .

========================================================================
Received Import Request.
  Time since last request: 27.038144 seconds.
  path: Assets/Scenes/8.activity/Eight2.unity
  artifactKey: Guid(ae3fac41b5723e34295958741f3cf4fd) Importer(815301076,1909f56bfc062723c751e8b465ee728b)
Start importing Assets/Scenes/8.activity/Eight2.unity using Guid(ae3fac41b5723e34295958741f3cf4fd) Importer(815301076,1909f56bfc062723c751e8b465ee728b)  -> (artifact id: '3b3853337d50c29cd3a96f320b8ad745') in 0.012548 seconds 
  Import took 0.016573 seconds .

========================================================================
Received Import Request.
  Time since last request: 41.981451 seconds.
  path: Assets/Scenes/1.activity/Second 1.unity
  artifactKey: Guid(ed60eab0718a9a741bafac08556fbc27) Importer(815301076,1909f56bfc062723c751e8b465ee728b)
Start importing Assets/Scenes/1.activity/Second 1.unity using Guid(ed60eab0718a9a741bafac08556fbc27) Importer(815301076,1909f56bfc062723c751e8b465ee728b)  -> (artifact id: '359cf0fe28a3d7f5d597a26c0ca48da3') in 0.013671 seconds 
  Import took 0.017580 seconds .

========================================================================
Received Import Request.
  Time since last request: 12.639974 seconds.
  path: Assets/Scenes/2.activity/Third.unity
  artifactKey: Guid(13b54d66e3550754caa04867cfd29c2e) Importer(815301076,1909f56bfc062723c751e8b465ee728b)
Start importing Assets/Scenes/2.activity/Third.unity using Guid(13b54d66e3550754caa04867cfd29c2e) Importer(815301076,1909f56bfc062723c751e8b465ee728b)  -> (artifact id: 'd5f2530dd5dcb4a651966c1910d7e3f1') in 0.011945 seconds 
  Import took 0.015947 seconds .

========================================================================
Received Import Request.
  Time since last request: 8.141848 seconds.
  path: Assets/Scenes/3.activity/Fourth1.unity
  artifactKey: Guid(0a9d30e0a9cef83408e63cd757bf14e5) Importer(815301076,1909f56bfc062723c751e8b465ee728b)
Start importing Assets/Scenes/3.activity/Fourth1.unity using Guid(0a9d30e0a9cef83408e63cd757bf14e5) Importer(815301076,1909f56bfc062723c751e8b465ee728b)  -> (artifact id: 'c2889f3ac33d1420fb7202fad779febd') in 0.004761 seconds 
  Import took 0.008770 seconds .

========================================================================
Received Import Request.
  Time since last request: 31.951459 seconds.
  path: Assets/Scenes/4.activity/Fifth3.unity
  artifactKey: Guid(42aace78755910d4b83c4032b9b5253b) Importer(815301076,1909f56bfc062723c751e8b465ee728b)
Start importing Assets/Scenes/4.activity/Fifth3.unity using Guid(42aace78755910d4b83c4032b9b5253b) Importer(815301076,1909f56bfc062723c751e8b465ee728b)  -> (artifact id: 'f01e7945a26d8c3d6bcda49b1b98a79e') in 0.012626 seconds 
  Import took 0.016759 seconds .

========================================================================
Received Import Request.
  Time since last request: 76.812342 seconds.
  path: Assets/Scenes/5.activity/Sixth.unity
  artifactKey: Guid(87370967951b4a54882f0108173a25b2) Importer(815301076,1909f56bfc062723c751e8b465ee728b)
Start importing Assets/Scenes/5.activity/Sixth.unity using Guid(87370967951b4a54882f0108173a25b2) Importer(815301076,1909f56bfc062723c751e8b465ee728b)  -> (artifact id: '8e818426e8ace3321e9dc284eee9005e') in 0.013209 seconds 
  Import took 0.017688 seconds .

========================================================================
Received Import Request.
  Time since last request: 21.539880 seconds.
  path: Assets/Scenes/5.activity/Sixth1.unity
  artifactKey: Guid(ddcd246cdf85e0449b57ac2997b7a60c) Importer(815301076,1909f56bfc062723c751e8b465ee728b)
Start importing Assets/Scenes/5.activity/Sixth1.unity using Guid(ddcd246cdf85e0449b57ac2997b7a60c) Importer(815301076,1909f56bfc062723c751e8b465ee728b)  -> (artifact id: '4f95f36ea8a6197db5931d565cefadf8') in 0.012869 seconds 
  Import took 0.016760 seconds .

========================================================================
Received Import Request.
  Time since last request: 18.123413 seconds.
  path: Assets/Scenes/5.activity/Sixth3.unity
  artifactKey: Guid(56c47d933d3deb244bda58af9ae48644) Importer(815301076,1909f56bfc062723c751e8b465ee728b)
Start importing Assets/Scenes/5.activity/Sixth3.unity using Guid(56c47d933d3deb244bda58af9ae48644) Importer(815301076,1909f56bfc062723c751e8b465ee728b)  -> (artifact id: '547f5d4d9720d7657b5a0b071360e9a0') in 0.022668 seconds 
  Import took 0.027029 seconds .

========================================================================
Received Import Request.
  Time since last request: 28.408939 seconds.
  path: Assets/Scenes/6.activity/Sixth5.unity
  artifactKey: Guid(82e400d630fbf1d4297ca2197364f93e) Importer(815301076,1909f56bfc062723c751e8b465ee728b)
Start importing Assets/Scenes/6.activity/Sixth5.unity using Guid(82e400d630fbf1d4297ca2197364f93e) Importer(815301076,1909f56bfc062723c751e8b465ee728b)  -> (artifact id: '988479ca5f7e25145a313daa384953de') in 0.012630 seconds 
  Import took 0.016651 seconds .

========================================================================
Received Import Request.
  Time since last request: 7.113674 seconds.
  path: Assets/Scenes/7.activity/Scene4.unity
  artifactKey: Guid(a0bcb4e0a2405b441a68f8ece4afb6b5) Importer(815301076,1909f56bfc062723c751e8b465ee728b)
Start importing Assets/Scenes/7.activity/Scene4.unity using Guid(a0bcb4e0a2405b441a68f8ece4afb6b5) Importer(815301076,1909f56bfc062723c751e8b465ee728b)  -> (artifact id: '58bff9f898a73339d2826c5bd1beda67') in 0.025093 seconds 
  Import took 0.029111 seconds .

========================================================================
Received Import Request.
  Time since last request: 4.721727 seconds.
  path: Assets/Scenes/7.activity/Seven1.unity
  artifactKey: Guid(717d1ffb228f6ea4a84e6d8e6032f9b3) Importer(815301076,1909f56bfc062723c751e8b465ee728b)
Start importing Assets/Scenes/7.activity/Seven1.unity using Guid(717d1ffb228f6ea4a84e6d8e6032f9b3) Importer(815301076,1909f56bfc062723c751e8b465ee728b)  -> (artifact id: '01a62bd44010ad83101c18b2d424305b') in 0.026965 seconds 
  Import took 0.031866 seconds .

========================================================================
Received Import Request.
  Time since last request: 5.630371 seconds.
  path: Assets/Scenes/7.activity/Seven2.unity
  artifactKey: Guid(31c5613b4aa6ee54e9a8dc3e1808665a) Importer(815301076,1909f56bfc062723c751e8b465ee728b)
Start importing Assets/Scenes/7.activity/Seven2.unity using Guid(31c5613b4aa6ee54e9a8dc3e1808665a) Importer(815301076,1909f56bfc062723c751e8b465ee728b)  -> (artifact id: '9e06e5ba3a05dd986565e36e92c1615f') in 0.013772 seconds 
  Import took 0.017693 seconds .

========================================================================
Received Import Request.
  Time since last request: 77.674900 seconds.
  path: Assets/Scenes/7.activity/Seven3.unity
  artifactKey: Guid(7ffce9a7cc993da45b6ebac9d7cc7a6d) Importer(815301076,1909f56bfc062723c751e8b465ee728b)
Start importing Assets/Scenes/7.activity/Seven3.unity using Guid(7ffce9a7cc993da45b6ebac9d7cc7a6d) Importer(815301076,1909f56bfc062723c751e8b465ee728b)  -> (artifact id: '8dc64d8a400e5fb0cc1605046af73eb0') in 0.004326 seconds 
  Import took 0.019633 seconds .

========================================================================
Received Import Request.
  Time since last request: 4.942780 seconds.
  path: Assets/Scenes/8.activity/Eight1.unity
  artifactKey: Guid(49f2f55df3d4329428b83edbe9d33494) Importer(815301076,1909f56bfc062723c751e8b465ee728b)
Start importing Assets/Scenes/8.activity/Eight1.unity using Guid(49f2f55df3d4329428b83edbe9d33494) Importer(815301076,1909f56bfc062723c751e8b465ee728b)  -> (artifact id: '3dc0218dcfe2067b3a617bf319f87f45') in 0.012432 seconds 
  Import took 0.016494 seconds .

========================================================================
Received Import Request.
  Time since last request: 77.468602 seconds.
  path: Assets/Scenes/9.activity/WhatsApp Image 2023-05-24 at 11.03.22 PM.png
  artifactKey: Guid(55bde40d1c04d7c4ba9d75d0ad3f5b35) Importer(815301076,1909f56bfc062723c751e8b465ee728b)
Start importing Assets/Scenes/9.activity/WhatsApp Image 2023-05-24 at 11.03.22 PM.png using Guid(55bde40d1c04d7c4ba9d75d0ad3f5b35) Importer(815301076,1909f56bfc062723c751e8b465ee728b)  -> (artifact id: 'd9abdee278542bef5a85011464d459ae') in 0.157852 seconds 
  Import took 0.161966 seconds .

========================================================================
Received Import Request.
  Time since last request: 0.000383 seconds.
  path: Assets/Scenes/9.activity/WhatsApp Image 2023-05-24 at 11.30.48 PM.jpeg
  artifactKey: Guid(f62f0ca93448569479d0ac5171620df8) Importer(815301076,1909f56bfc062723c751e8b465ee728b)
Start importing Assets/Scenes/9.activity/WhatsApp Image 2023-05-24 at 11.30.48 PM.jpeg using Guid(f62f0ca93448569479d0ac5171620df8) Importer(815301076,1909f56bfc062723c751e8b465ee728b)  -> (artifact id: '8f15130d82e427273b65fe9036cd8905') in 0.057134 seconds 
  Import took 0.061064 seconds .

========================================================================
Received Prepare
Refreshing native plugins compatible for Editor in 7.85 ms, found 2 plugins.
Preloading 0 native plugins for Editor in 0.00 ms.
Unloading 10 Unused Serialized files (Serialized files now loaded: 0)
System memory in use before: 44.3 MB.
System memory in use after: 44.4 MB.

Unloading 10 unused Assets to reduce memory usage. Loaded Objects now: 1968.
Total: 6.199500 ms (FindLiveObjects: 0.420600 ms CreateObjectMapping: 0.334800 ms MarkObjects: 5.415100 ms  DeleteObjects: 0.026800 ms)

AssetImportParameters requested are different than current active one (requested -> active):
  custom:framework-win-MediaFoundation: 216162199b28c13a410421893ffa2e32 -> 
  custom:video-decoder-ogg-theora: a1e56fd34408186e4bbccfd4996cb3dc -> 
  custom:container-muxer-webm: aa71ff27fc2769a1b78a27578f13a17b -> 
  custom:container-demuxer-webm: 4f35f7cbe854078d1ac9338744f61a02 -> 
  custom:container-demuxer-ogg: 62fdf1f143b41e24485cea50d1cbac27 -> 
  custom:video-encoder-webm-vp8: eb34c28f22e8b96e1ab97ce403110664 -> 
  custom:video-decoder-webm-vp8: 9c59270c3fd7afecdb556c50c9e8de78 -> 
  custom:audio-decoder-ogg-vorbis: bf7c407c2cedff20999df2af8eb42d56 -> 
  custom:audio-encoder-webm-vorbis: bf7c407c2cedff20999df2af8eb42d56 -> 
========================================================================
Received Prepare
Refreshing native plugins compatible for Editor in 7.66 ms, found 2 plugins.
Preloading 0 native plugins for Editor in 0.00 ms.
Unloading 10 Unused Serialized files (Serialized files now loaded: 0)
System memory in use before: 44.3 MB.
System memory in use after: 44.4 MB.

Unloading 10 unused Assets to reduce memory usage. Loaded Objects now: 1968.
Total: 6.604800 ms (FindLiveObjects: 0.371200 ms CreateObjectMapping: 0.186700 ms MarkObjects: 6.021600 ms  DeleteObjects: 0.023200 ms)

AssetImportParameters requested are different than current active one (requested -> active):
  custom:framework-win-MediaFoundation: 216162199b28c13a410421893ffa2e32 -> 
  custom:video-decoder-ogg-theora: a1e56fd34408186e4bbccfd4996cb3dc -> 
  custom:container-muxer-webm: aa71ff27fc2769a1b78a27578f13a17b -> 
  custom:container-demuxer-webm: 4f35f7cbe854078d1ac9338744f61a02 -> 
  custom:container-demuxer-ogg: 62fdf1f143b41e24485cea50d1cbac27 -> 
  custom:video-encoder-webm-vp8: eb34c28f22e8b96e1ab97ce403110664 -> 
  custom:video-decoder-webm-vp8: 9c59270c3fd7afecdb556c50c9e8de78 -> 
  custom:audio-decoder-ogg-vorbis: bf7c407c2cedff20999df2af8eb42d56 -> 
  custom:audio-encoder-webm-vorbis: bf7c407c2cedff20999df2af8eb42d56 -> 
========================================================================
Received Prepare
Refreshing native plugins compatible for Editor in 5.06 ms, found 2 plugins.
Preloading 0 native plugins for Editor in 0.00 ms.
Unloading 10 Unused Serialized files (Serialized files now loaded: 0)
System memory in use before: 44.3 MB.
System memory in use after: 44.4 MB.

Unloading 10 unused Assets to reduce memory usage. Loaded Objects now: 1968.
Total: 4.967500 ms (FindLiveObjects: 0.221300 ms CreateObjectMapping: 0.089900 ms MarkObjects: 4.630400 ms  DeleteObjects: 0.024200 ms)

AssetImportParameters requested are different than current active one (requested -> active):
  custom:framework-win-MediaFoundation: 216162199b28c13a410421893ffa2e32 -> 
  custom:video-decoder-ogg-theora: a1e56fd34408186e4bbccfd4996cb3dc -> 
  custom:container-muxer-webm: aa71ff27fc2769a1b78a27578f13a17b -> 
  custom:container-demuxer-webm: 4f35f7cbe854078d1ac9338744f61a02 -> 
  custom:container-demuxer-ogg: 62fdf1f143b41e24485cea50d1cbac27 -> 
  custom:video-encoder-webm-vp8: eb34c28f22e8b96e1ab97ce403110664 -> 
  custom:video-decoder-webm-vp8: 9c59270c3fd7afecdb556c50c9e8de78 -> 
  custom:audio-decoder-ogg-vorbis: bf7c407c2cedff20999df2af8eb42d56 -> 
  custom:audio-encoder-webm-vorbis: bf7c407c2cedff20999df2af8eb42d56 -> 
========================================================================
Received Import Request.
  Time since last request: 991.206363 seconds.
  path: Assets/Scenes/3.activity/Fourth1.unity
  artifactKey: Guid(0a9d30e0a9cef83408e63cd757bf14e5) Importer(815301076,1909f56bfc062723c751e8b465ee728b)
Start importing Assets/Scenes/3.activity/Fourth1.unity using Guid(0a9d30e0a9cef83408e63cd757bf14e5) Importer(815301076,1909f56bfc062723c751e8b465ee728b)  -> (artifact id: '18c7c89af34c12887149417f07acf143') in 0.012341 seconds 
  Import took 0.018773 seconds .

========================================================================
Received Import Request.
  Time since last request: 3.449826 seconds.
  path: Assets/Scenes/4.activity/Fifth2.unity
  artifactKey: Guid(6336f31d092f940448ab4787234780b0) Importer(815301076,1909f56bfc062723c751e8b465ee728b)
Start importing Assets/Scenes/4.activity/Fifth2.unity using Guid(6336f31d092f940448ab4787234780b0) Importer(815301076,1909f56bfc062723c751e8b465ee728b)  -> (artifact id: '2360dbfa7c296993b51749dabc27551b') in 0.004172 seconds 
  Import took 0.019807 seconds .

========================================================================
Received Import Request.
  Time since last request: 1.305245 seconds.
  path: Assets/Scenes/4.activity/Fifth1.unity
  artifactKey: Guid(305719a3cf6b63146a52f03730876b17) Importer(815301076,1909f56bfc062723c751e8b465ee728b)
Start importing Assets/Scenes/4.activity/Fifth1.unity using Guid(305719a3cf6b63146a52f03730876b17) Importer(815301076,1909f56bfc062723c751e8b465ee728b)  -> (artifact id: '4b8ec0097753bb0fb247e3974a8ccc38') in 0.012598 seconds 
  Import took 0.027615 seconds .

========================================================================
Received Prepare
Registering precompiled user dll's ...
Registered in 0.005223 seconds.
Begin MonoManager ReloadAssembly
Native extension for WindowsStandalone target not found
Native extension for WebGL target not found
Refreshing native plugins compatible for Editor in 0.55 ms, found 2 plugins.
Preloading 0 native plugins for Editor in 0.00 ms.
Mono: successfully reloaded assembly
- Completed reload, in  1.924 seconds
Domain Reload Profiling:
	ReloadAssembly (1925ms)
		BeginReloadAssembly (204ms)
			ExecutionOrderSort (0ms)
			DisableScriptedObjects (10ms)
			BackupInstance (0ms)
			ReleaseScriptingObjects (0ms)
			CreateAndSetChildDomain (63ms)
		EndReloadAssembly (1568ms)
			LoadAssemblies (185ms)
			RebuildTransferFunctionScriptingTraits (0ms)
			SetupTypeCache (580ms)
			ReleaseScriptCaches (1ms)
			RebuildScriptCaches (66ms)
			SetupLoadedEditorAssemblies (543ms)
				LogAssemblyErrors (0ms)
				InitializePlatformSupportModulesInManaged (10ms)
				SetLoadedEditorAssemblies (1ms)
				RefreshPlugins (1ms)
				BeforeProcessingInitializeOnLoad (130ms)
				ProcessInitializeOnLoadAttributes (382ms)
				ProcessInitializeOnLoadMethodAttributes (7ms)
				AfterProcessingInitializeOnLoad (12ms)
				EditorAssembliesLoaded (0ms)
			ExecutionOrderSort2 (0ms)
			AwakeInstancesAfterBackupRestoration (13ms)
Platform modules already initialized, skipping
Refreshing native plugins compatible for Editor in 0.52 ms, found 2 plugins.
Preloading 0 native plugins for Editor in 0.00 ms.
Unloading 1502 Unused Serialized files (Serialized files now loaded: 0)
System memory in use before: 73.6 MB.
System memory in use after: 73.7 MB.

Unloading 12 unused Assets to reduce memory usage. Loaded Objects now: 1970.
Total: 4.338900 ms (FindLiveObjects: 0.224500 ms CreateObjectMapping: 0.099700 ms MarkObjects: 3.989700 ms  DeleteObjects: 0.023400 ms)

AssetImportParameters requested are different than current active one (requested -> active):
  custom:framework-win-MediaFoundation: 216162199b28c13a410421893ffa2e32 -> 
  custom:video-decoder-ogg-theora: a1e56fd34408186e4bbccfd4996cb3dc -> 
  custom:container-muxer-webm: aa71ff27fc2769a1b78a27578f13a17b -> 
  custom:container-demuxer-webm: 4f35f7cbe854078d1ac9338744f61a02 -> 
  custom:container-demuxer-ogg: 62fdf1f143b41e24485cea50d1cbac27 -> 
  custom:video-encoder-webm-vp8: eb34c28f22e8b96e1ab97ce403110664 -> 
  custom:video-decoder-webm-vp8: 9c59270c3fd7afecdb556c50c9e8de78 -> 
  custom:audio-decoder-ogg-vorbis: bf7c407c2cedff20999df2af8eb42d56 -> 
  custom:audio-encoder-webm-vorbis: bf7c407c2cedff20999df2af8eb42d56 -> 
========================================================================
Received Import Request.
  Time since last request: 199.133022 seconds.
  path: Assets/Scenes/4.activity/Fifth.unity
  artifactKey: Guid(31f559c03c9c7d94aaf0510ab277bf95) Importer(815301076,1909f56bfc062723c751e8b465ee728b)
Start importing Assets/Scenes/4.activity/Fifth.unity using Guid(31f559c03c9c7d94aaf0510ab277bf95) Importer(815301076,1909f56bfc062723c751e8b465ee728b)  -> (artifact id: '261afbac58e6aab4e15e0cacddebd75a') in 0.028485 seconds 
  Import took 0.045408 seconds .

========================================================================
Received Prepare
Registering precompiled user dll's ...
Registered in 0.005032 seconds.
Begin MonoManager ReloadAssembly
Native extension for WindowsStandalone target not found
Native extension for WebGL target not found
Refreshing native plugins compatible for Editor in 0.54 ms, found 2 plugins.
Preloading 0 native plugins for Editor in 0.00 ms.
Mono: successfully reloaded assembly
- Completed reload, in  1.713 seconds
Domain Reload Profiling:
	ReloadAssembly (1714ms)
		BeginReloadAssembly (164ms)
			ExecutionOrderSort (0ms)
			DisableScriptedObjects (8ms)
			BackupInstance (0ms)
			ReleaseScriptingObjects (0ms)
			CreateAndSetChildDomain (51ms)
		EndReloadAssembly (1443ms)
			LoadAssemblies (143ms)
			RebuildTransferFunctionScriptingTraits (0ms)
			SetupTypeCache (557ms)
			ReleaseScriptCaches (1ms)
			RebuildScriptCaches (64ms)
			SetupLoadedEditorAssemblies (502ms)
				LogAssemblyErrors (0ms)
				InitializePlatformSupportModulesInManaged (10ms)
				SetLoadedEditorAssemblies (1ms)
				RefreshPlugins (1ms)
				BeforeProcessingInitializeOnLoad (134ms)
				ProcessInitializeOnLoadAttributes (338ms)
				ProcessInitializeOnLoadMethodAttributes (7ms)
				AfterProcessingInitializeOnLoad (11ms)
				EditorAssembliesLoaded (0ms)
			ExecutionOrderSort2 (0ms)
			AwakeInstancesAfterBackupRestoration (12ms)
Platform modules already initialized, skipping
Refreshing native plugins compatible for Editor in 0.53 ms, found 2 plugins.
Preloading 0 native plugins for Editor in 0.00 ms.
Unloading 1502 Unused Serialized files (Serialized files now loaded: 0)
System memory in use before: 73.6 MB.
System memory in use after: 73.7 MB.

Unloading 12 unused Assets to reduce memory usage. Loaded Objects now: 1972.
Total: 4.527300 ms (FindLiveObjects: 0.235900 ms CreateObjectMapping: 0.087500 ms MarkObjects: 4.178000 ms  DeleteObjects: 0.024400 ms)

AssetImportParameters requested are different than current active one (requested -> active):
  custom:framework-win-MediaFoundation: 216162199b28c13a410421893ffa2e32 -> 
  custom:video-decoder-ogg-theora: a1e56fd34408186e4bbccfd4996cb3dc -> 
  custom:container-muxer-webm: aa71ff27fc2769a1b78a27578f13a17b -> 
  custom:container-demuxer-webm: 4f35f7cbe854078d1ac9338744f61a02 -> 
  custom:container-demuxer-ogg: 62fdf1f143b41e24485cea50d1cbac27 -> 
  custom:video-encoder-webm-vp8: eb34c28f22e8b96e1ab97ce403110664 -> 
  custom:video-decoder-webm-vp8: 9c59270c3fd7afecdb556c50c9e8de78 -> 
  custom:audio-decoder-ogg-vorbis: bf7c407c2cedff20999df2af8eb42d56 -> 
  custom:audio-encoder-webm-vorbis: bf7c407c2cedff20999df2af8eb42d56 -> 
========================================================================
Received Import Request.
  Time since last request: 128.425468 seconds.
  path: Assets/Scenes/4.activity/Fifth3.unity
  artifactKey: Guid(42aace78755910d4b83c4032b9b5253b) Importer(815301076,1909f56bfc062723c751e8b465ee728b)
Start importing Assets/Scenes/4.activity/Fifth3.unity using Guid(42aace78755910d4b83c4032b9b5253b) Importer(815301076,1909f56bfc062723c751e8b465ee728b)  -> (artifact id: '55b103d02a6cc937c3e08a2b78504cbf') in 0.021551 seconds 
  Import took 0.036669 seconds .

========================================================================
Received Import Request.
  Time since last request: 71.266828 seconds.
  path: Assets/Scenes/5.activity/Sixth.unity
  artifactKey: Guid(87370967951b4a54882f0108173a25b2) Importer(815301076,1909f56bfc062723c751e8b465ee728b)
Start importing Assets/Scenes/5.activity/Sixth.unity using Guid(87370967951b4a54882f0108173a25b2) Importer(815301076,1909f56bfc062723c751e8b465ee728b)  -> (artifact id: '4ec15fd6d36b437c58a6313983ea29ca') in 0.015088 seconds 
  Import took 0.029443 seconds .

========================================================================
Received Import Request.
  Time since last request: 408.772836 seconds.
  path: Assets/Scenes/8.activity/Eight4.unity
  artifactKey: Guid(cf1a7500a00da774285daf4494045835) Importer(815301076,1909f56bfc062723c751e8b465ee728b)
Start importing Assets/Scenes/8.activity/Eight4.unity using Guid(cf1a7500a00da774285daf4494045835) Importer(815301076,1909f56bfc062723c751e8b465ee728b)  -> (artifact id: '9b05bb3e6a33d5e176e407d9a5cf993c') in 0.015073 seconds 
  Import took 0.020492 seconds .

========================================================================
Received Import Request.
  Time since last request: 13.959325 seconds.
  path: Assets/Scenes/9.activity/Nine2.unity
  artifactKey: Guid(edb0a7756bcc2e44d98a00f87856d19d) Importer(815301076,1909f56bfc062723c751e8b465ee728b)
Start importing Assets/Scenes/9.activity/Nine2.unity using Guid(edb0a7756bcc2e44d98a00f87856d19d) Importer(815301076,1909f56bfc062723c751e8b465ee728b)  -> (artifact id: '3c1809a4b6cbd3e3617912eb57a8167c') in 0.013162 seconds 
  Import took 0.028250 seconds .

========================================================================
Received Prepare
Refreshing native plugins compatible for Editor in 4.60 ms, found 2 plugins.
Preloading 0 native plugins for Editor in 0.00 ms.
Unloading 10 Unused Serialized files (Serialized files now loaded: 0)
System memory in use before: 44.1 MB.
System memory in use after: 44.2 MB.

Unloading 10 unused Assets to reduce memory usage. Loaded Objects now: 1972.
Total: 5.967100 ms (FindLiveObjects: 0.232500 ms CreateObjectMapping: 0.088500 ms MarkObjects: 5.621600 ms  DeleteObjects: 0.023100 ms)

AssetImportParameters requested are different than current active one (requested -> active):
  custom:framework-win-MediaFoundation: 216162199b28c13a410421893ffa2e32 -> 
  custom:video-decoder-ogg-theora: a1e56fd34408186e4bbccfd4996cb3dc -> 
  custom:container-muxer-webm: aa71ff27fc2769a1b78a27578f13a17b -> 
  custom:container-demuxer-webm: 4f35f7cbe854078d1ac9338744f61a02 -> 
  custom:container-demuxer-ogg: 62fdf1f143b41e24485cea50d1cbac27 -> 
  custom:video-encoder-webm-vp8: eb34c28f22e8b96e1ab97ce403110664 -> 
  custom:video-decoder-webm-vp8: 9c59270c3fd7afecdb556c50c9e8de78 -> 
  custom:audio-decoder-ogg-vorbis: bf7c407c2cedff20999df2af8eb42d56 -> 
  custom:audio-encoder-webm-vorbis: bf7c407c2cedff20999df2af8eb42d56 -> 
========================================================================
Received Prepare
Refreshing native plugins compatible for Editor in 4.59 ms, found 2 plugins.
Preloading 0 native plugins for Editor in 0.00 ms.
Unloading 10 Unused Serialized files (Serialized files now loaded: 0)
System memory in use before: 44.1 MB.
System memory in use after: 44.2 MB.

Unloading 10 unused Assets to reduce memory usage. Loaded Objects now: 1972.
Total: 5.606300 ms (FindLiveObjects: 0.225900 ms CreateObjectMapping: 0.085800 ms MarkObjects: 5.266700 ms  DeleteObjects: 0.026500 ms)

AssetImportParameters requested are different than current active one (requested -> active):
  custom:framework-win-MediaFoundation: 216162199b28c13a410421893ffa2e32 -> 
  custom:video-decoder-ogg-theora: a1e56fd34408186e4bbccfd4996cb3dc -> 
  custom:container-muxer-webm: aa71ff27fc2769a1b78a27578f13a17b -> 
  custom:container-demuxer-webm: 4f35f7cbe854078d1ac9338744f61a02 -> 
  custom:container-demuxer-ogg: 62fdf1f143b41e24485cea50d1cbac27 -> 
  custom:video-encoder-webm-vp8: eb34c28f22e8b96e1ab97ce403110664 -> 
  custom:video-decoder-webm-vp8: 9c59270c3fd7afecdb556c50c9e8de78 -> 
  custom:audio-decoder-ogg-vorbis: bf7c407c2cedff20999df2af8eb42d56 -> 
  custom:audio-encoder-webm-vorbis: bf7c407c2cedff20999df2af8eb42d56 -> 
========================================================================
Received Prepare
Refreshing native plugins compatible for Editor in 8.12 ms, found 2 plugins.
Preloading 0 native plugins for Editor in 0.00 ms.
Unloading 10 Unused Serialized files (Serialized files now loaded: 0)
System memory in use before: 44.1 MB.
System memory in use after: 44.2 MB.

Unloading 10 unused Assets to reduce memory usage. Loaded Objects now: 1972.
Total: 10.727500 ms (FindLiveObjects: 0.478600 ms CreateObjectMapping: 0.196900 ms MarkObjects: 10.016900 ms  DeleteObjects: 0.032000 ms)

AssetImportParameters requested are different than current active one (requested -> active):
  custom:framework-win-MediaFoundation: 216162199b28c13a410421893ffa2e32 -> 
  custom:video-decoder-ogg-theora: a1e56fd34408186e4bbccfd4996cb3dc -> 
  custom:container-muxer-webm: aa71ff27fc2769a1b78a27578f13a17b -> 
  custom:container-demuxer-webm: 4f35f7cbe854078d1ac9338744f61a02 -> 
  custom:container-demuxer-ogg: 62fdf1f143b41e24485cea50d1cbac27 -> 
  custom:video-encoder-webm-vp8: eb34c28f22e8b96e1ab97ce403110664 -> 
  custom:video-decoder-webm-vp8: 9c59270c3fd7afecdb556c50c9e8de78 -> 
  custom:audio-decoder-ogg-vorbis: bf7c407c2cedff20999df2af8eb42d56 -> 
  custom:audio-encoder-webm-vorbis: bf7c407c2cedff20999df2af8eb42d56 -> 
AssetImportWorkerClient::OnTransportError - code=2 error=End of file
